{
  service: 'shiprocket-triple-whale-integration',
  environment: 'development',
  port: 3000,
  host: 'localhost',
  realTimeSync: false,
  scheduledSync: '12:05 AM IST daily',
  timestamp: '2025-07-26 12:12:17',
  level: 'info',
  message: '🚀 Shiprocket-Triple Whale Integration Server started'
}
{
  service: 'shiprocket-triple-whale-integration',
  environment: 'production',
  timestamp: '2025-07-26 12:16:05',
  level: 'info',
  message: 'Scheduled daily sync job configured for 12:05 AM IST'
}
{
  service: 'shiprocket-triple-whale-integration',
  environment: 'production',
  port: '3000',
  host: 'localhost',
  realTimeSync: true,
  scheduledSync: '12:05 AM IST daily',
  timestamp: '2025-07-26 12:16:05',
  level: 'info',
  message: '🚀 Shiprocket-Triple Whale Integration Server started'
}
{
  service: 'shiprocket-triple-whale-integration',
  environment: 'production',
  timestamp: '2025-07-26 12:16:19',
  level: 'info',
  message: 'Scheduled daily sync job configured for 12:05 AM IST'
}
{
  service: 'shiprocket-triple-whale-integration',
  environment: 'production',
  error: {
    message: 'listen EADDRINUSE: address already in use ::1:3000',
    stack: 'Error: listen EADDRINUSE: address already in use ::1:3000\n' +
      '    at Server.setupListenHandle [as _listen2] (node:net:1908:16)\n' +
      '    at listenInCluster (node:net:1965:12)\n' +
      '    at GetAddrInfoReqWrap.callback (node:net:2171:7)\n' +
      '    at GetAddrInfoReqWrap.onlookupall [as oncomplete] (node:dns:132:8)',
    name: 'Error'
  },
  timestamp: '2025-07-26 12:16:19',
  level: 'error',
  message: 'Server error:'
}
{
  service: 'shiprocket-triple-whale-integration',
  environment: 'production',
  error: {
    message: 'Request failed with status code 403',
    stack: 'AxiosError: Request failed with status code 403\n' +
      '    at settle (C:\\shiprocket-triple-whale-integration\\node_modules\\axios\\dist\\node\\axios.cjs:2090:12)\n' +
      '    at IncomingMessage.handleStreamEnd (C:\\shiprocket-triple-whale-integration\\node_modules\\axios\\dist\\node\\axios.cjs:3207:11)\n' +
      '    at IncomingMessage.emit (node:events:531:35)\n' +
      '    at endReadableNT (node:internal/streams/readable:1698:12)\n' +
      '    at process.processTicksAndRejections (node:internal/process/task_queues:90:21)\n' +
      '    at Axios.request (C:\\shiprocket-triple-whale-integration\\node_modules\\axios\\dist\\node\\axios.cjs:4317:41)\n' +
      '    at process.processTicksAndRejections (node:internal/process/task_queues:105:5)\n' +
      '    at async ShiprocketAPI.authenticate (C:\\shiprocket-triple-whale-integration\\src\\api\\shiprocket.js:80:24)\n' +
      '    at async ShiprocketAPI.ensureAuthenticated (C:\\shiprocket-triple-whale-integration\\src\\api\\shiprocket.js:98:7)\n' +
      '    at async C:\\shiprocket-triple-whale-integration\\src\\api\\shiprocket.js:27:9\n' +
      '    at async Axios.request (C:\\shiprocket-triple-whale-integration\\node_modules\\axios\\dist\\node\\axios.cjs:4312:14)\n' +
      '    at async C:\\shiprocket-triple-whale-integration\\src\\api\\shiprocket.js:118:24\n' +
      '    at async retryRequest (C:\\shiprocket-triple-whale-integration\\src\\utils\\retry.js:24:22)\n' +
      '    at async ShiprocketAPI.healthCheck (C:\\shiprocket-triple-whale-integration\\src\\api\\shiprocket.js:301:7)\n' +
      '    at async CircuitBreaker.execute (C:\\shiprocket-triple-whale-integration\\src\\utils\\retry.js:228:22)',
    name: 'AxiosError'
  },
  timestamp: '2025-07-26 12:16:25',
  level: 'error',
  message: 'Shiprocket authentication failed'
}
{
  service: 'shiprocket-triple-whale-integration',
  environment: 'production',
  attempt: 1,
  reason: 'shouldRetry returned false',
  error: {
    message: "Cannot read properties of undefined (reading 'metadata')",
    stack: "TypeError: Cannot read properties of undefined (reading 'metadata')\n" +
      '    at C:\\shiprocket-triple-whale-integration\\src\\api\\shiprocket.js:54:47\n' +
      '    at process.processTicksAndRejections (node:internal/process/task_queues:105:5)\n' +
      '    at async Axios.request (C:\\shiprocket-triple-whale-integration\\node_modules\\axios\\dist\\node\\axios.cjs:4312:14)\n' +
      '    at async C:\\shiprocket-triple-whale-integration\\src\\api\\shiprocket.js:118:24\n' +
      '    at async retryRequest (C:\\shiprocket-triple-whale-integration\\src\\utils\\retry.js:24:22)\n' +
      '    at async ShiprocketAPI.healthCheck (C:\\shiprocket-triple-whale-integration\\src\\api\\shiprocket.js:301:7)\n' +
      '    at async CircuitBreaker.execute (C:\\shiprocket-triple-whale-integration\\src\\utils\\retry.js:228:22)\n' +
      '    at async Promise.allSettled (index 0)\n' +
      '    at async C:\\shiprocket-triple-whale-integration\\src\\server.js:134:53',
    name: 'TypeError'
  },
  timestamp: '2025-07-26 12:16:25',
  level: 'error',
  message: 'Request failed, not retrying'
}
{
  service: 'triple-whale',
  environment: 'production',
  method: 'GET',
  url: '/users/api-keys/me',
  statusCode: 401,
  duration: 473,
  error: 'Request failed with status code 401',
  timestamp: '2025-07-26 12:16:25',
  level: 'error',
  message: 'API Call'
}
{
  service: 'shiprocket-triple-whale-integration',
  environment: 'production',
  attempt: 1,
  maxAttempts: 3,
  delayMs: 1089,
  error: 'Request failed with status code 401',
  timestamp: '2025-07-26 12:16:25',
  level: 'warn',
  message: 'Request failed, retrying'
}
{
  service: 'triple-whale',
  environment: 'production',
  method: 'GET',
  url: '/users/api-keys/me',
  statusCode: 401,
  duration: 1898,
  error: 'Request failed with status code 401',
  timestamp: '2025-07-26 12:16:26',
  level: 'error',
  message: 'API Call'
}
{
  service: 'shiprocket-triple-whale-integration',
  environment: 'production',
  attempt: 2,
  maxAttempts: 3,
  delayMs: 2151,
  error: 'Request failed with status code 401',
  timestamp: '2025-07-26 12:16:26',
  level: 'warn',
  message: 'Request failed, retrying'
}
{
  service: 'triple-whale',
  environment: 'production',
  method: 'GET',
  url: '/users/api-keys/me',
  statusCode: 401,
  duration: 4374,
  error: 'Request failed with status code 401',
  timestamp: '2025-07-26 12:16:29',
  level: 'error',
  message: 'API Call'
}
{
  service: 'shiprocket-triple-whale-integration',
  environment: 'production',
  attempt: 3,
  reason: 'shouldRetry returned false',
  error: {
    message: 'Request failed with status code 401',
    stack: 'AxiosError: Request failed with status code 401\n' +
      '    at settle (C:\\shiprocket-triple-whale-integration\\node_modules\\axios\\dist\\node\\axios.cjs:2090:12)\n' +
      '    at IncomingMessage.handleStreamEnd (C:\\shiprocket-triple-whale-integration\\node_modules\\axios\\dist\\node\\axios.cjs:3207:11)\n' +
      '    at IncomingMessage.emit (node:events:531:35)\n' +
      '    at endReadableNT (node:internal/streams/readable:1698:12)\n' +
      '    at process.processTicksAndRejections (node:internal/process/task_queues:90:21)\n' +
      '    at Axios.request (C:\\shiprocket-triple-whale-integration\\node_modules\\axios\\dist\\node\\axios.cjs:4317:41)\n' +
      '    at process.processTicksAndRejections (node:internal/process/task_queues:105:5)\n' +
      '    at async C:\\shiprocket-triple-whale-integration\\src\\api\\triplewhale.js:134:24\n' +
      '    at async retryRequest (C:\\shiprocket-triple-whale-integration\\src\\utils\\retry.js:24:22)\n' +
      '    at async TripleWhaleAPI.healthCheck (C:\\shiprocket-triple-whale-integration\\src\\api\\triplewhale.js:358:7)\n' +
      '    at async CircuitBreaker.execute (C:\\shiprocket-triple-whale-integration\\src\\utils\\retry.js:228:22)\n' +
      '    at async Promise.allSettled (index 1)\n' +
      '    at async C:\\shiprocket-triple-whale-integration\\src\\server.js:134:53',
    name: 'AxiosError'
  },
  timestamp: '2025-07-26 12:16:29',
  level: 'error',
  message: 'Request failed, not retrying'
}
{
  service: 'shiprocket-triple-whale-integration',
  environment: 'production',
  timestamp: '2025-07-26 12:16:29',
  level: 'info',
  message: '::1 - - [26/Jul/2025:06:46:29 +0000] "GET /health HTTP/1.1" 503 213 "-" "Mozilla/5.0 (Windows NT; Windows NT 10.0; en-IN) WindowsPowerShell/5.1.26100.4652"'
}
{
  service: 'shiprocket-triple-whale-integration',
  environment: 'production',
  error: {
    message: 'Request failed with status code 403',
    stack: 'AxiosError: Request failed with status code 403\n' +
      '    at settle (C:\\shiprocket-triple-whale-integration\\node_modules\\axios\\dist\\node\\axios.cjs:2090:12)\n' +
      '    at IncomingMessage.handleStreamEnd (C:\\shiprocket-triple-whale-integration\\node_modules\\axios\\dist\\node\\axios.cjs:3207:11)\n' +
      '    at IncomingMessage.emit (node:events:531:35)\n' +
      '    at endReadableNT (node:internal/streams/readable:1698:12)\n' +
      '    at process.processTicksAndRejections (node:internal/process/task_queues:90:21)\n' +
      '    at Axios.request (C:\\shiprocket-triple-whale-integration\\node_modules\\axios\\dist\\node\\axios.cjs:4317:41)\n' +
      '    at process.processTicksAndRejections (node:internal/process/task_queues:105:5)\n' +
      '    at async ShiprocketAPI.authenticate (C:\\shiprocket-triple-whale-integration\\src\\api\\shiprocket.js:80:24)\n' +
      '    at async ShiprocketAPI.ensureAuthenticated (C:\\shiprocket-triple-whale-integration\\src\\api\\shiprocket.js:98:7)\n' +
      '    at async C:\\shiprocket-triple-whale-integration\\src\\api\\shiprocket.js:27:9\n' +
      '    at async Axios.request (C:\\shiprocket-triple-whale-integration\\node_modules\\axios\\dist\\node\\axios.cjs:4312:14)\n' +
      '    at async C:\\shiprocket-triple-whale-integration\\src\\api\\shiprocket.js:118:24\n' +
      '    at async retryRequest (C:\\shiprocket-triple-whale-integration\\src\\utils\\retry.js:24:22)\n' +
      '    at async ShiprocketAPI.healthCheck (C:\\shiprocket-triple-whale-integration\\src\\api\\shiprocket.js:301:7)\n' +
      '    at async CircuitBreaker.execute (C:\\shiprocket-triple-whale-integration\\src\\utils\\retry.js:228:22)',
    name: 'AxiosError'
  },
  timestamp: '2025-07-26 14:08:27',
  level: 'error',
  message: 'Shiprocket authentication failed'
}
{
  service: 'shiprocket-triple-whale-integration',
  environment: 'production',
  attempt: 1,
  reason: 'shouldRetry returned false',
  error: {
    message: "Cannot read properties of undefined (reading 'metadata')",
    stack: "TypeError: Cannot read properties of undefined (reading 'metadata')\n" +
      '    at C:\\shiprocket-triple-whale-integration\\src\\api\\shiprocket.js:54:47\n' +
      '    at process.processTicksAndRejections (node:internal/process/task_queues:105:5)\n' +
      '    at async Axios.request (C:\\shiprocket-triple-whale-integration\\node_modules\\axios\\dist\\node\\axios.cjs:4312:14)\n' +
      '    at async C:\\shiprocket-triple-whale-integration\\src\\api\\shiprocket.js:118:24\n' +
      '    at async retryRequest (C:\\shiprocket-triple-whale-integration\\src\\utils\\retry.js:24:22)\n' +
      '    at async ShiprocketAPI.healthCheck (C:\\shiprocket-triple-whale-integration\\src\\api\\shiprocket.js:301:7)\n' +
      '    at async CircuitBreaker.execute (C:\\shiprocket-triple-whale-integration\\src\\utils\\retry.js:228:22)\n' +
      '    at async Promise.allSettled (index 0)\n' +
      '    at async C:\\shiprocket-triple-whale-integration\\src\\server.js:134:53',
    name: 'TypeError'
  },
  timestamp: '2025-07-26 14:08:27',
  level: 'error',
  message: 'Request failed, not retrying'
}
{
  service: 'triple-whale',
  environment: 'production',
  method: 'GET',
  url: '/users/api-keys/me',
  statusCode: 401,
  duration: 511,
  error: 'Request failed with status code 401',
  timestamp: '2025-07-26 14:08:27',
  level: 'error',
  message: 'API Call'
}
{
  service: 'shiprocket-triple-whale-integration',
  environment: 'production',
  attempt: 1,
  maxAttempts: 3,
  delayMs: 1052,
  error: 'Request failed with status code 401',
  timestamp: '2025-07-26 14:08:27',
  level: 'warn',
  message: 'Request failed, retrying'
}
{
  service: 'triple-whale',
  environment: 'production',
  method: 'GET',
  url: '/users/api-keys/me',
  statusCode: 401,
  duration: 2206,
  error: 'Request failed with status code 401',
  timestamp: '2025-07-26 14:08:29',
  level: 'error',
  message: 'API Call'
}
{
  service: 'shiprocket-triple-whale-integration',
  environment: 'production',
  attempt: 2,
  maxAttempts: 3,
  delayMs: 2194,
  error: 'Request failed with status code 401',
  timestamp: '2025-07-26 14:08:29',
  level: 'warn',
  message: 'Request failed, retrying'
}
{
  service: 'triple-whale',
  environment: 'production',
  method: 'GET',
  url: '/users/api-keys/me',
  statusCode: 401,
  duration: 4727,
  error: 'Request failed with status code 401',
  timestamp: '2025-07-26 14:08:31',
  level: 'error',
  message: 'API Call'
}
{
  service: 'shiprocket-triple-whale-integration',
  environment: 'production',
  attempt: 3,
  reason: 'shouldRetry returned false',
  error: {
    message: 'Request failed with status code 401',
    stack: 'AxiosError: Request failed with status code 401\n' +
      '    at settle (C:\\shiprocket-triple-whale-integration\\node_modules\\axios\\dist\\node\\axios.cjs:2090:12)\n' +
      '    at IncomingMessage.handleStreamEnd (C:\\shiprocket-triple-whale-integration\\node_modules\\axios\\dist\\node\\axios.cjs:3207:11)\n' +
      '    at IncomingMessage.emit (node:events:531:35)\n' +
      '    at endReadableNT (node:internal/streams/readable:1698:12)\n' +
      '    at process.processTicksAndRejections (node:internal/process/task_queues:90:21)\n' +
      '    at Axios.request (C:\\shiprocket-triple-whale-integration\\node_modules\\axios\\dist\\node\\axios.cjs:4317:41)\n' +
      '    at process.processTicksAndRejections (node:internal/process/task_queues:105:5)\n' +
      '    at async C:\\shiprocket-triple-whale-integration\\src\\api\\triplewhale.js:134:24\n' +
      '    at async retryRequest (C:\\shiprocket-triple-whale-integration\\src\\utils\\retry.js:24:22)\n' +
      '    at async TripleWhaleAPI.healthCheck (C:\\shiprocket-triple-whale-integration\\src\\api\\triplewhale.js:358:7)\n' +
      '    at async CircuitBreaker.execute (C:\\shiprocket-triple-whale-integration\\src\\utils\\retry.js:228:22)\n' +
      '    at async Promise.allSettled (index 1)\n' +
      '    at async C:\\shiprocket-triple-whale-integration\\src\\server.js:134:53',
    name: 'AxiosError'
  },
  timestamp: '2025-07-26 14:08:31',
  level: 'error',
  message: 'Request failed, not retrying'
}
{
  service: 'shiprocket-triple-whale-integration',
  environment: 'production',
  timestamp: '2025-07-26 14:08:31',
  level: 'info',
  message: '::1 - - [26/Jul/2025:08:38:31 +0000] "GET /health HTTP/1.1" 503 215 "-" "Mozilla/5.0 (Windows NT; Windows NT 10.0; en-IN) WindowsPowerShell/5.1.26100.4652"'
}
{
  service: 'shiprocket-triple-whale-integration',
  environment: 'production',
  error: {
    message: 'Request failed with status code 403',
    stack: 'AxiosError: Request failed with status code 403\n' +
      '    at settle (C:\\shiprocket-triple-whale-integration\\node_modules\\axios\\dist\\node\\axios.cjs:2090:12)\n' +
      '    at IncomingMessage.handleStreamEnd (C:\\shiprocket-triple-whale-integration\\node_modules\\axios\\dist\\node\\axios.cjs:3207:11)\n' +
      '    at IncomingMessage.emit (node:events:531:35)\n' +
      '    at endReadableNT (node:internal/streams/readable:1698:12)\n' +
      '    at process.processTicksAndRejections (node:internal/process/task_queues:90:21)\n' +
      '    at Axios.request (C:\\shiprocket-triple-whale-integration\\node_modules\\axios\\dist\\node\\axios.cjs:4317:41)\n' +
      '    at process.processTicksAndRejections (node:internal/process/task_queues:105:5)\n' +
      '    at async ShiprocketAPI.authenticate (C:\\shiprocket-triple-whale-integration\\src\\api\\shiprocket.js:80:24)\n' +
      '    at async ShiprocketAPI.ensureAuthenticated (C:\\shiprocket-triple-whale-integration\\src\\api\\shiprocket.js:98:7)\n' +
      '    at async C:\\shiprocket-triple-whale-integration\\src\\api\\shiprocket.js:27:9\n' +
      '    at async Axios.request (C:\\shiprocket-triple-whale-integration\\node_modules\\axios\\dist\\node\\axios.cjs:4312:14)\n' +
      '    at async C:\\shiprocket-triple-whale-integration\\src\\api\\shiprocket.js:118:24\n' +
      '    at async retryRequest (C:\\shiprocket-triple-whale-integration\\src\\utils\\retry.js:24:22)\n' +
      '    at async ShiprocketAPI.healthCheck (C:\\shiprocket-triple-whale-integration\\src\\api\\shiprocket.js:301:7)\n' +
      '    at async CircuitBreaker.execute (C:\\shiprocket-triple-whale-integration\\src\\utils\\retry.js:228:22)',
    name: 'AxiosError'
  },
  timestamp: '2025-07-26 14:08:40',
  level: 'error',
  message: 'Shiprocket authentication failed'
}
{
  service: 'shiprocket-triple-whale-integration',
  environment: 'production',
  attempt: 1,
  reason: 'shouldRetry returned false',
  error: {
    message: "Cannot read properties of undefined (reading 'metadata')",
    stack: "TypeError: Cannot read properties of undefined (reading 'metadata')\n" +
      '    at C:\\shiprocket-triple-whale-integration\\src\\api\\shiprocket.js:54:47\n' +
      '    at process.processTicksAndRejections (node:internal/process/task_queues:105:5)\n' +
      '    at async Axios.request (C:\\shiprocket-triple-whale-integration\\node_modules\\axios\\dist\\node\\axios.cjs:4312:14)\n' +
      '    at async C:\\shiprocket-triple-whale-integration\\src\\api\\shiprocket.js:118:24\n' +
      '    at async retryRequest (C:\\shiprocket-triple-whale-integration\\src\\utils\\retry.js:24:22)\n' +
      '    at async ShiprocketAPI.healthCheck (C:\\shiprocket-triple-whale-integration\\src\\api\\shiprocket.js:301:7)\n' +
      '    at async CircuitBreaker.execute (C:\\shiprocket-triple-whale-integration\\src\\utils\\retry.js:228:22)\n' +
      '    at async C:\\shiprocket-triple-whale-integration\\src\\server.js:246:7',
    name: 'TypeError'
  },
  timestamp: '2025-07-26 14:08:40',
  level: 'error',
  message: 'Request failed, not retrying'
}
{
  service: 'triple-whale',
  environment: 'production',
  method: 'GET',
  url: '/users/api-keys/me',
  statusCode: 401,
  duration: 475,
  error: 'Request failed with status code 401',
  timestamp: '2025-07-26 14:08:41',
  level: 'error',
  message: 'API Call'
}
{
  service: 'shiprocket-triple-whale-integration',
  environment: 'production',
  attempt: 1,
  maxAttempts: 3,
  delayMs: 1075,
  error: 'Request failed with status code 401',
  timestamp: '2025-07-26 14:08:41',
  level: 'warn',
  message: 'Request failed, retrying'
}
{
  service: 'triple-whale',
  environment: 'production',
  method: 'GET',
  url: '/users/api-keys/me',
  statusCode: 401,
  duration: 1893,
  error: 'Request failed with status code 401',
  timestamp: '2025-07-26 14:08:42',
  level: 'error',
  message: 'API Call'
}
{
  service: 'shiprocket-triple-whale-integration',
  environment: 'production',
  attempt: 2,
  maxAttempts: 3,
  delayMs: 2174,
  error: 'Request failed with status code 401',
  timestamp: '2025-07-26 14:08:42',
  level: 'warn',
  message: 'Request failed, retrying'
}
{
  service: 'triple-whale',
  environment: 'production',
  method: 'GET',
  url: '/users/api-keys/me',
  statusCode: 401,
  duration: 4410,
  error: 'Request failed with status code 401',
  timestamp: '2025-07-26 14:08:45',
  level: 'error',
  message: 'API Call'
}
{
  service: 'shiprocket-triple-whale-integration',
  environment: 'production',
  attempt: 3,
  reason: 'shouldRetry returned false',
  error: {
    message: 'Request failed with status code 401',
    stack: 'AxiosError: Request failed with status code 401\n' +
      '    at settle (C:\\shiprocket-triple-whale-integration\\node_modules\\axios\\dist\\node\\axios.cjs:2090:12)\n' +
      '    at IncomingMessage.handleStreamEnd (C:\\shiprocket-triple-whale-integration\\node_modules\\axios\\dist\\node\\axios.cjs:3207:11)\n' +
      '    at IncomingMessage.emit (node:events:531:35)\n' +
      '    at endReadableNT (node:internal/streams/readable:1698:12)\n' +
      '    at process.processTicksAndRejections (node:internal/process/task_queues:90:21)\n' +
      '    at Axios.request (C:\\shiprocket-triple-whale-integration\\node_modules\\axios\\dist\\node\\axios.cjs:4317:41)\n' +
      '    at process.processTicksAndRejections (node:internal/process/task_queues:105:5)\n' +
      '    at async C:\\shiprocket-triple-whale-integration\\src\\api\\triplewhale.js:134:24\n' +
      '    at async retryRequest (C:\\shiprocket-triple-whale-integration\\src\\utils\\retry.js:24:22)\n' +
      '    at async TripleWhaleAPI.validateApiKey (C:\\shiprocket-triple-whale-integration\\src\\api\\triplewhale.js:371:24)\n' +
      '    at async CircuitBreaker.execute (C:\\shiprocket-triple-whale-integration\\src\\utils\\retry.js:228:22)\n' +
      '    at async C:\\shiprocket-triple-whale-integration\\src\\server.js:254:7',
    name: 'AxiosError'
  },
  timestamp: '2025-07-26 14:08:45',
  level: 'error',
  message: 'Request failed, not retrying'
}
{
  service: 'shiprocket-triple-whale-integration',
  environment: 'production',
  error: {
    message: 'Request failed with status code 401',
    stack: 'AxiosError: Request failed with status code 401\n' +
      '    at settle (C:\\shiprocket-triple-whale-integration\\node_modules\\axios\\dist\\node\\axios.cjs:2090:12)\n' +
      '    at IncomingMessage.handleStreamEnd (C:\\shiprocket-triple-whale-integration\\node_modules\\axios\\dist\\node\\axios.cjs:3207:11)\n' +
      '    at IncomingMessage.emit (node:events:531:35)\n' +
      '    at endReadableNT (node:internal/streams/readable:1698:12)\n' +
      '    at process.processTicksAndRejections (node:internal/process/task_queues:90:21)\n' +
      '    at Axios.request (C:\\shiprocket-triple-whale-integration\\node_modules\\axios\\dist\\node\\axios.cjs:4317:41)\n' +
      '    at process.processTicksAndRejections (node:internal/process/task_queues:105:5)\n' +
      '    at async C:\\shiprocket-triple-whale-integration\\src\\api\\triplewhale.js:134:24\n' +
      '    at async retryRequest (C:\\shiprocket-triple-whale-integration\\src\\utils\\retry.js:24:22)\n' +
      '    at async TripleWhaleAPI.validateApiKey (C:\\shiprocket-triple-whale-integration\\src\\api\\triplewhale.js:371:24)\n' +
      '    at async CircuitBreaker.execute (C:\\shiprocket-triple-whale-integration\\src\\utils\\retry.js:228:22)\n' +
      '    at async C:\\shiprocket-triple-whale-integration\\src\\server.js:254:7',
    name: 'AxiosError'
  },
  timestamp: '2025-07-26 14:08:45',
  level: 'error',
  message: 'Triple Whale API key validation failed'
}
{
  service: 'shiprocket-triple-whale-integration',
  environment: 'production',
  timestamp: '2025-07-26 14:08:45',
  level: 'info',
  message: '::1 - - [26/Jul/2025:08:38:45 +0000] "GET /api/test-connections HTTP/1.1" 200 222 "-" "Mozilla/5.0 (Windows NT; Windows NT 10.0; en-IN) WindowsPowerShell/5.1.26100.4652"'
}
{
  service: 'shiprocket-triple-whale-integration',
  environment: 'production',
  startDate: '2025-01-20',
  endDate: '2025-01-26',
  syncType: 'all',
  timestamp: '2025-07-26 14:09:27',
  level: 'info',
  message: 'Manual sync requested'
}
{
  service: 'shiprocket-triple-whale-integration',
  environment: 'production',
  error: {
    message: 'Request failed with status code 400',
    stack: 'AxiosError: Request failed with status code 400\n' +
      '    at settle (C:\\shiprocket-triple-whale-integration\\node_modules\\axios\\dist\\node\\axios.cjs:2090:12)\n' +
      '    at IncomingMessage.handleStreamEnd (C:\\shiprocket-triple-whale-integration\\node_modules\\axios\\dist\\node\\axios.cjs:3207:11)\n' +
      '    at IncomingMessage.emit (node:events:531:35)\n' +
      '    at endReadableNT (node:internal/streams/readable:1698:12)\n' +
      '    at process.processTicksAndRejections (node:internal/process/task_queues:90:21)\n' +
      '    at Axios.request (C:\\shiprocket-triple-whale-integration\\node_modules\\axios\\dist\\node\\axios.cjs:4317:41)\n' +
      '    at process.processTicksAndRejections (node:internal/process/task_queues:105:5)\n' +
      '    at async ShiprocketAPI.authenticate (C:\\shiprocket-triple-whale-integration\\src\\api\\shiprocket.js:80:24)\n' +
      '    at async ShiprocketAPI.ensureAuthenticated (C:\\shiprocket-triple-whale-integration\\src\\api\\shiprocket.js:98:7)\n' +
      '    at async C:\\shiprocket-triple-whale-integration\\src\\api\\shiprocket.js:27:9\n' +
      '    at async Axios.request (C:\\shiprocket-triple-whale-integration\\node_modules\\axios\\dist\\node\\axios.cjs:4312:14)\n' +
      '    at async C:\\shiprocket-triple-whale-integration\\src\\api\\shiprocket.js:118:24\n' +
      '    at async retryRequest (C:\\shiprocket-triple-whale-integration\\src\\utils\\retry.js:24:22)\n' +
      '    at async syncOrders (C:\\shiprocket-triple-whale-integration\\src\\server.js:277:18)\n' +
      '    at async Promise.all (index 0)',
    name: 'AxiosError'
  },
  timestamp: '2025-07-26 14:09:28',
  level: 'error',
  message: 'Shiprocket authentication failed'
}
{
  service: 'shiprocket-triple-whale-integration',
  environment: 'production',
  attempt: 1,
  reason: 'shouldRetry returned false',
  error: {
    message: "Cannot read properties of undefined (reading 'metadata')",
    stack: "TypeError: Cannot read properties of undefined (reading 'metadata')\n" +
      '    at C:\\shiprocket-triple-whale-integration\\src\\api\\shiprocket.js:54:47\n' +
      '    at process.processTicksAndRejections (node:internal/process/task_queues:105:5)\n' +
      '    at async Axios.request (C:\\shiprocket-triple-whale-integration\\node_modules\\axios\\dist\\node\\axios.cjs:4312:14)\n' +
      '    at async C:\\shiprocket-triple-whale-integration\\src\\api\\shiprocket.js:118:24\n' +
      '    at async retryRequest (C:\\shiprocket-triple-whale-integration\\src\\utils\\retry.js:24:22)\n' +
      '    at async syncOrders (C:\\shiprocket-triple-whale-integration\\src\\server.js:277:18)\n' +
      '    at async Promise.all (index 0)\n' +
      '    at async syncAll (C:\\shiprocket-triple-whale-integration\\src\\server.js:319:43)\n' +
      '    at async C:\\shiprocket-triple-whale-integration\\src\\server.js:217:18',
    name: 'TypeError'
  },
  timestamp: '2025-07-26 14:09:28',
  level: 'error',
  message: 'Request failed, not retrying'
}
{
  service: 'shiprocket-triple-whale-integration',
  environment: 'production',
  error: {
    message: "Cannot read properties of undefined (reading 'metadata')",
    stack: "TypeError: Cannot read properties of undefined (reading 'metadata')\n" +
      '    at C:\\shiprocket-triple-whale-integration\\src\\api\\shiprocket.js:54:47\n' +
      '    at process.processTicksAndRejections (node:internal/process/task_queues:105:5)\n' +
      '    at async Axios.request (C:\\shiprocket-triple-whale-integration\\node_modules\\axios\\dist\\node\\axios.cjs:4312:14)\n' +
      '    at async C:\\shiprocket-triple-whale-integration\\src\\api\\shiprocket.js:118:24\n' +
      '    at async retryRequest (C:\\shiprocket-triple-whale-integration\\src\\utils\\retry.js:24:22)\n' +
      '    at async syncOrders (C:\\shiprocket-triple-whale-integration\\src\\server.js:277:18)\n' +
      '    at async Promise.all (index 0)\n' +
      '    at async syncAll (C:\\shiprocket-triple-whale-integration\\src\\server.js:319:43)\n' +
      '    at async C:\\shiprocket-triple-whale-integration\\src\\server.js:217:18',
    name: 'TypeError'
  },
  timestamp: '2025-07-26 14:09:28',
  level: 'error',
  message: 'Manual sync failed'
}
{
  service: 'shiprocket-triple-whale-integration',
  environment: 'production',
  timestamp: '2025-07-26 14:09:28',
  level: 'info',
  message: '::1 - - [26/Jul/2025:08:39:28 +0000] "POST /api/sync/manual HTTP/1.1" 500 115 "-" "Mozilla/5.0 (Windows NT; Windows NT 10.0; en-IN) WindowsPowerShell/5.1.26100.4652"'
}
{
  service: 'shiprocket-triple-whale-integration',
  environment: 'production',
  error: {
    message: 'Request failed with status code 400',
    stack: 'AxiosError: Request failed with status code 400\n' +
      '    at settle (C:\\shiprocket-triple-whale-integration\\node_modules\\axios\\dist\\node\\axios.cjs:2090:12)\n' +
      '    at IncomingMessage.handleStreamEnd (C:\\shiprocket-triple-whale-integration\\node_modules\\axios\\dist\\node\\axios.cjs:3207:11)\n' +
      '    at IncomingMessage.emit (node:events:531:35)\n' +
      '    at endReadableNT (node:internal/streams/readable:1698:12)\n' +
      '    at process.processTicksAndRejections (node:internal/process/task_queues:90:21)\n' +
      '    at Axios.request (C:\\shiprocket-triple-whale-integration\\node_modules\\axios\\dist\\node\\axios.cjs:4317:41)\n' +
      '    at process.processTicksAndRejections (node:internal/process/task_queues:105:5)\n' +
      '    at async ShiprocketAPI.authenticate (C:\\shiprocket-triple-whale-integration\\src\\api\\shiprocket.js:80:24)\n' +
      '    at async ShiprocketAPI.ensureAuthenticated (C:\\shiprocket-triple-whale-integration\\src\\api\\shiprocket.js:98:7)\n' +
      '    at async C:\\shiprocket-triple-whale-integration\\src\\api\\shiprocket.js:27:9\n' +
      '    at async Axios.request (C:\\shiprocket-triple-whale-integration\\node_modules\\axios\\dist\\node\\axios.cjs:4312:14)\n' +
      '    at async C:\\shiprocket-triple-whale-integration\\src\\api\\shiprocket.js:118:24\n' +
      '    at async retryRequest (C:\\shiprocket-triple-whale-integration\\src\\utils\\retry.js:24:22)\n' +
      '    at async syncShipments (C:\\shiprocket-triple-whale-integration\\src\\server.js:298:21)\n' +
      '    at async Promise.all (index 1)',
    name: 'AxiosError'
  },
  timestamp: '2025-07-26 14:09:28',
  level: 'error',
  message: 'Shiprocket authentication failed'
}
{
  service: 'shiprocket-triple-whale-integration',
  environment: 'production',
  attempt: 1,
  reason: 'shouldRetry returned false',
  error: {
    message: "Cannot read properties of undefined (reading 'metadata')",
    stack: "TypeError: Cannot read properties of undefined (reading 'metadata')\n" +
      '    at C:\\shiprocket-triple-whale-integration\\src\\api\\shiprocket.js:54:47\n' +
      '    at process.processTicksAndRejections (node:internal/process/task_queues:105:5)\n' +
      '    at async Axios.request (C:\\shiprocket-triple-whale-integration\\node_modules\\axios\\dist\\node\\axios.cjs:4312:14)\n' +
      '    at async C:\\shiprocket-triple-whale-integration\\src\\api\\shiprocket.js:118:24\n' +
      '    at async retryRequest (C:\\shiprocket-triple-whale-integration\\src\\utils\\retry.js:24:22)\n' +
      '    at async syncShipments (C:\\shiprocket-triple-whale-integration\\src\\server.js:298:21)\n' +
      '    at async Promise.all (index 1)',
    name: 'TypeError'
  },
  timestamp: '2025-07-26 14:09:28',
  level: 'error',
  message: 'Request failed, not retrying'
}
{
  service: 'shiprocket-triple-whale-integration',
  environment: 'production',
  errors: [
    {
      field: 'event_type',
      message: '"event_type" is required',
      value: undefined
    }
  ],
  data: { test: 'data' },
  timestamp: '2025-07-26 14:16:42',
  level: 'warn',
  message: 'Invalid webhook data'
}
{
  service: 'shiprocket-triple-whale-integration',
  environment: 'production',
  timestamp: '2025-07-26 14:16:42',
  level: 'info',
  message: '::1 - - [26/Jul/2025:08:46:42 +0000] "POST /webhooks/shiprocket HTTP/1.1" 400 106 "-" "Mozilla/5.0 (Windows NT; Windows NT 10.0; en-IN) WindowsPowerShell/5.1.26100.4652"'
}
{
  service: 'shiprocket-triple-whale-integration',
  environment: 'production',
  timestamp: '2025-07-26 14:19:46',
  level: 'info',
  message: '13.235.14.74 - - [26/Jul/2025:08:49:46 +0000] "POST /prod/shipmentStatus/shipmentTrack HTTP/1.1" 404 173 "-" "-"'
}
{
  service: 'shiprocket-triple-whale-integration',
  environment: 'production',
  timestamp: '2025-07-26 14:19:50',
  level: 'info',
  message: '13.235.14.74 - - [26/Jul/2025:08:49:50 +0000] "POST /prod/shipmentStatus/shipmentTrack HTTP/1.1" 404 173 "-" "-"'
}
{
  service: 'shiprocket-triple-whale-integration',
  environment: 'production',
  timestamp: '2025-07-26 14:19:57',
  level: 'info',
  message: '13.235.14.74 - - [26/Jul/2025:08:49:57 +0000] "POST /prod/shipmentStatus/shipmentTrack HTTP/1.1" 404 173 "-" "-"'
}
{
  service: 'shiprocket-triple-whale-integration',
  environment: 'production',
  startDate: '2025-01-15',
  endDate: '2025-01-25',
  syncType: 'orders',
  timestamp: '2025-07-26 14:23:13',
  level: 'info',
  message: 'Manual sync requested'
}
{
  service: 'shiprocket-triple-whale-integration',
  environment: 'production',
  error: {
    message: 'Request failed with status code 400',
    stack: 'AxiosError: Request failed with status code 400\n' +
      '    at settle (C:\\shiprocket-triple-whale-integration\\node_modules\\axios\\dist\\node\\axios.cjs:2090:12)\n' +
      '    at IncomingMessage.handleStreamEnd (C:\\shiprocket-triple-whale-integration\\node_modules\\axios\\dist\\node\\axios.cjs:3207:11)\n' +
      '    at IncomingMessage.emit (node:events:531:35)\n' +
      '    at endReadableNT (node:internal/streams/readable:1698:12)\n' +
      '    at process.processTicksAndRejections (node:internal/process/task_queues:90:21)\n' +
      '    at Axios.request (C:\\shiprocket-triple-whale-integration\\node_modules\\axios\\dist\\node\\axios.cjs:4317:41)\n' +
      '    at process.processTicksAndRejections (node:internal/process/task_queues:105:5)\n' +
      '    at async ShiprocketAPI.authenticate (C:\\shiprocket-triple-whale-integration\\src\\api\\shiprocket.js:80:24)\n' +
      '    at async ShiprocketAPI.ensureAuthenticated (C:\\shiprocket-triple-whale-integration\\src\\api\\shiprocket.js:98:7)\n' +
      '    at async C:\\shiprocket-triple-whale-integration\\src\\api\\shiprocket.js:27:9\n' +
      '    at async Axios.request (C:\\shiprocket-triple-whale-integration\\node_modules\\axios\\dist\\node\\axios.cjs:4312:14)\n' +
      '    at async C:\\shiprocket-triple-whale-integration\\src\\api\\shiprocket.js:118:24\n' +
      '    at async retryRequest (C:\\shiprocket-triple-whale-integration\\src\\utils\\retry.js:24:22)\n' +
      '    at async syncOrders (C:\\shiprocket-triple-whale-integration\\src\\server.js:277:18)\n' +
      '    at async C:\\shiprocket-triple-whale-integration\\src\\server.js:211:18',
    name: 'AxiosError'
  },
  timestamp: '2025-07-26 14:23:13',
  level: 'error',
  message: 'Shiprocket authentication failed'
}
{
  service: 'shiprocket-triple-whale-integration',
  environment: 'production',
  attempt: 1,
  reason: 'shouldRetry returned false',
  error: {
    message: "Cannot read properties of undefined (reading 'metadata')",
    stack: "TypeError: Cannot read properties of undefined (reading 'metadata')\n" +
      '    at C:\\shiprocket-triple-whale-integration\\src\\api\\shiprocket.js:54:47\n' +
      '    at process.processTicksAndRejections (node:internal/process/task_queues:105:5)\n' +
      '    at async Axios.request (C:\\shiprocket-triple-whale-integration\\node_modules\\axios\\dist\\node\\axios.cjs:4312:14)\n' +
      '    at async C:\\shiprocket-triple-whale-integration\\src\\api\\shiprocket.js:118:24\n' +
      '    at async retryRequest (C:\\shiprocket-triple-whale-integration\\src\\utils\\retry.js:24:22)\n' +
      '    at async syncOrders (C:\\shiprocket-triple-whale-integration\\src\\server.js:277:18)\n' +
      '    at async C:\\shiprocket-triple-whale-integration\\src\\server.js:211:18',
    name: 'TypeError'
  },
  timestamp: '2025-07-26 14:23:13',
  level: 'error',
  message: 'Request failed, not retrying'
}
{
  service: 'shiprocket-triple-whale-integration',
  environment: 'production',
  error: {
    message: "Cannot read properties of undefined (reading 'metadata')",
    stack: "TypeError: Cannot read properties of undefined (reading 'metadata')\n" +
      '    at C:\\shiprocket-triple-whale-integration\\src\\api\\shiprocket.js:54:47\n' +
      '    at process.processTicksAndRejections (node:internal/process/task_queues:105:5)\n' +
      '    at async Axios.request (C:\\shiprocket-triple-whale-integration\\node_modules\\axios\\dist\\node\\axios.cjs:4312:14)\n' +
      '    at async C:\\shiprocket-triple-whale-integration\\src\\api\\shiprocket.js:118:24\n' +
      '    at async retryRequest (C:\\shiprocket-triple-whale-integration\\src\\utils\\retry.js:24:22)\n' +
      '    at async syncOrders (C:\\shiprocket-triple-whale-integration\\src\\server.js:277:18)\n' +
      '    at async C:\\shiprocket-triple-whale-integration\\src\\server.js:211:18',
    name: 'TypeError'
  },
  timestamp: '2025-07-26 14:23:13',
  level: 'error',
  message: 'Manual sync failed'
}
{
  service: 'shiprocket-triple-whale-integration',
  environment: 'production',
  timestamp: '2025-07-26 14:23:13',
  level: 'info',
  message: '::1 - - [26/Jul/2025:08:53:13 +0000] "POST /api/sync/manual HTTP/1.1" 500 115 "-" "Mozilla/5.0 (Windows NT; Windows NT 10.0; en-IN) WindowsPowerShell/5.1.26100.4652"'
}
{
  service: 'shiprocket-triple-whale-integration',
  environment: 'development',
  timestamp: '2025-07-26 16:30:59',
  level: 'info',
  message: 'Scheduled daily sync job configured for 12:05 AM IST'
}
{
  service: 'shiprocket-triple-whale-integration',
  environment: 'development',
  port: '3000',
  host: 'localhost',
  realTimeSync: true,
  scheduledSync: '12:05 AM IST daily',
  timestamp: '2025-07-26 16:30:59',
  level: 'info',
  message: '🚀 Shiprocket-Triple Whale Integration Server started'
}
{
  service: 'shiprocket-triple-whale-integration',
  environment: 'development',
  timestamp: '2025-07-26 16:31:22',
  level: 'info',
  message: 'Scheduled daily sync job configured for 12:05 AM IST'
}
{
  service: 'shiprocket-triple-whale-integration',
  environment: 'development',
  port: '3000',
  host: 'localhost',
  realTimeSync: true,
  scheduledSync: '12:05 AM IST daily',
  timestamp: '2025-07-26 16:31:22',
  level: 'info',
  message: '🚀 Shiprocket-Triple Whale Integration Server started'
}
{
  service: 'shiprocket-triple-whale-integration',
  environment: 'development',
  timestamp: '2025-07-26 16:31:24',
  level: 'info',
  message: 'Scheduled daily sync job configured for 12:05 AM IST'
}
{
  service: 'shiprocket-triple-whale-integration',
  environment: 'development',
  port: '3000',
  host: 'localhost',
  realTimeSync: true,
  scheduledSync: '12:05 AM IST daily',
  timestamp: '2025-07-26 16:31:24',
  level: 'info',
  message: '🚀 Shiprocket-Triple Whale Integration Server started'
}
{
  service: 'shiprocket-triple-whale-integration',
  environment: 'development',
  timestamp: '2025-07-26 16:31:46',
  level: 'info',
  message: 'Scheduled daily sync job configured for 12:05 AM IST'
}
{
  service: 'shiprocket-triple-whale-integration',
  environment: 'development',
  port: '3000',
  host: 'localhost',
  realTimeSync: true,
  scheduledSync: '12:05 AM IST daily',
  timestamp: '2025-07-26 16:31:46',
  level: 'info',
  message: '🚀 Shiprocket-Triple Whale Integration Server started'
}
